<?xml version="1.0" encoding="UTF-8"?>
<testng-results skipped="0" failed="0" total="1" passed="1">
  <reporter-output>
  </reporter-output>
  <suite name="Surefire suite" duration-ms="32314" started-at="2019-07-10T16:13:03Z" finished-at="2019-07-10T16:13:35Z">
    <groups>
      <group name="cucumber">
        <method signature="TestRunner.feature(cucumber.api.testng.CucumberFeatureWrapper)[pri:0, instance:runners.TestRunner@2096442d]" name="feature" class="runners.TestRunner"/>
      </group> <!-- cucumber -->
    </groups>
    <test name="Surefire test" duration-ms="32314" started-at="2019-07-10T16:13:03Z" finished-at="2019-07-10T16:13:35Z">
      <class name="runners.TestRunner">
        <test-method status="PASS" signature="setUpClass()[pri:0, instance:runners.TestRunner@2096442d]" name="setUpClass" is-config="true" duration-ms="141" started-at="2019-07-10T17:13:03Z" finished-at="2019-07-10T17:13:03Z">
          <reporter-output>
          </reporter-output>
        </test-method> <!-- setUpClass -->
        <test-method status="PASS" signature="feature(cucumber.api.testng.CucumberFeatureWrapper)[pri:0, instance:runners.TestRunner@2096442d]" name="feature" duration-ms="32093" started-at="2019-07-10T17:13:03Z" description="Runs Cucumber Feature" data-provider="features" finished-at="2019-07-10T17:13:35Z">
          <params>
            <param index="0">
              <value>
                <![CDATA[Google Search]]>
              </value>
            </param>
          </params>
          <reporter-output>
          </reporter-output>
        </test-method> <!-- feature -->
        <test-method status="PASS" signature="tearDownClass()[pri:0, instance:runners.TestRunner@2096442d]" name="tearDownClass" is-config="true" duration-ms="10" started-at="2019-07-10T17:13:35Z" finished-at="2019-07-10T17:13:35Z">
          <reporter-output>
          </reporter-output>
        </test-method> <!-- tearDownClass -->
      </class> <!-- runners.TestRunner -->
    </test> <!-- Surefire test -->
  </suite> <!-- Surefire suite -->
</testng-results>
